2022-03-25 09:54:03.757  INFO 19180 --- [main] c.b.BankingManagementSystemApplication   : Starting BankingManagementSystemApplication using Java 17.0.1 on LAPTOP-O8K7IR41 with PID 19180 (C:\Users\Priyanshu verma\Documents\workspace-spring-tool-suite-4-4.13.1.RELEASE\BankingManagementSystem\target\classes started by Priyanshu verma in C:\Users\Priyanshu verma\Documents\workspace-spring-tool-suite-4-4.13.1.RELEASE\BankingManagementSystem)
2022-03-25 09:54:03.771  INFO 19180 --- [main] c.b.BankingManagementSystemApplication   : No active profile set, falling back to 1 default profile: "default"
2022-03-25 09:54:06.090  INFO 19180 --- [main] .s.d.r.c.RepositoryConfigurationDelegate : Bootstrapping Spring Data JPA repositories in DEFAULT mode.
2022-03-25 09:54:06.224  INFO 19180 --- [main] .s.d.r.c.RepositoryConfigurationDelegate : Finished Spring Data repository scanning in 109 ms. Found 3 JPA repository interfaces.
2022-03-25 09:54:07.705  INFO 19180 --- [main] o.s.b.w.embedded.tomcat.TomcatWebServer  : Tomcat initialized with port(s): 8080 (http)
2022-03-25 09:54:07.728  INFO 19180 --- [main] o.apache.catalina.core.StandardService   : Starting service [Tomcat]
2022-03-25 09:54:07.728  INFO 19180 --- [main] org.apache.catalina.core.StandardEngine  : Starting Servlet engine: [Apache Tomcat/9.0.58]
2022-03-25 09:54:07.952  INFO 19180 --- [main] o.a.c.c.C.[Tomcat].[localhost].[/]       : Initializing Spring embedded WebApplicationContext
2022-03-25 09:54:07.964  INFO 19180 --- [main] w.s.c.ServletWebServerApplicationContext : Root WebApplicationContext: initialization completed in 3914 ms
2022-03-25 09:54:08.338  INFO 19180 --- [main] o.hibernate.jpa.internal.util.LogHelper  : HHH000204: Processing PersistenceUnitInfo [name: default]
2022-03-25 09:54:08.487  INFO 19180 --- [main] org.hibernate.Version                    : HHH000412: Hibernate ORM core version 5.6.5.Final
2022-03-25 09:54:08.891  INFO 19180 --- [main] o.hibernate.annotations.common.Version   : HCANN000001: Hibernate Commons Annotations {5.1.2.Final}
2022-03-25 09:54:09.273  INFO 19180 --- [main] com.zaxxer.hikari.HikariDataSource       : HikariPool-1 - Starting...
2022-03-25 09:54:10.056  INFO 19180 --- [main] com.zaxxer.hikari.HikariDataSource       : HikariPool-1 - Start completed.
2022-03-25 09:54:10.113  INFO 19180 --- [main] org.hibernate.dialect.Dialect            : HHH000400: Using dialect: org.hibernate.dialect.MySQL8Dialect
2022-03-25 09:54:11.757  INFO 19180 --- [main] o.h.e.t.j.p.i.JtaPlatformInitiator       : HHH000490: Using JtaPlatform implementation: [org.hibernate.engine.transaction.jta.platform.internal.NoJtaPlatform]
2022-03-25 09:54:11.769  INFO 19180 --- [main] j.LocalContainerEntityManagerFactoryBean : Initialized JPA EntityManagerFactory for persistence unit 'default'
2022-03-25 09:54:12.845  WARN 19180 --- [main] JpaBaseConfiguration$JpaWebConfiguration : spring.jpa.open-in-view is enabled by default. Therefore, database queries may be performed during view rendering. Explicitly configure spring.jpa.open-in-view to disable this warning
2022-03-25 09:54:13.495  INFO 19180 --- [main] o.s.b.w.embedded.tomcat.TomcatWebServer  : Tomcat started on port(s): 8080 (http) with context path ''
2022-03-25 09:54:13.508  INFO 19180 --- [main] c.b.BankingManagementSystemApplication   : Started BankingManagementSystemApplication in 10.528 seconds (JVM running for 13.289)
2022-03-25 09:54:45.568  INFO 19180 --- [http-nio-8080-exec-2] o.a.c.c.C.[Tomcat].[localhost].[/]       : Initializing Spring DispatcherServlet 'dispatcherServlet'
2022-03-25 09:54:45.569  INFO 19180 --- [http-nio-8080-exec-2] o.s.web.servlet.DispatcherServlet        : Initializing Servlet 'dispatcherServlet'
2022-03-25 09:54:45.571  INFO 19180 --- [http-nio-8080-exec-2] o.s.web.servlet.DispatcherServlet        : Completed initialization in 2 ms
2022-03-25 18:01:24.464  INFO 19180 --- [RMI TCP Connection(491)-127.0.0.1] inMXBeanRegistrar$SpringApplicationAdmin : Application shutdown requested.
2022-03-25 18:01:25.065  INFO 19180 --- [RMI TCP Connection(491)-127.0.0.1] j.LocalContainerEntityManagerFactoryBean : Closing JPA EntityManagerFactory for persistence unit 'default'
2022-03-25 18:01:25.115  INFO 19180 --- [RMI TCP Connection(491)-127.0.0.1] com.zaxxer.hikari.HikariDataSource       : HikariPool-1 - Shutdown initiated...
2022-03-25 18:01:25.152  INFO 19180 --- [RMI TCP Connection(491)-127.0.0.1] com.zaxxer.hikari.HikariDataSource       : HikariPool-1 - Shutdown completed.
